Determining if the pthread_create exist failed with the following output:
Change Dir: /home/sparra/Desktop/uchile/2018-2/Lab Inteligencia/ProyectoImagenes/cmake-build-debug/CMakeFiles/CMakeTmp

Run Build Command:"/usr/bin/make" "cmTC_6e745/fast"
/usr/bin/make -f CMakeFiles/cmTC_6e745.dir/build.make CMakeFiles/cmTC_6e745.dir/build
make[1]: Entering directory '/home/sparra/Desktop/uchile/2018-2/Lab Inteligencia/ProyectoImagenes/cmake-build-debug/CMakeFiles/CMakeTmp'
Building C object CMakeFiles/cmTC_6e745.dir/CheckSymbolExists.c.o
/usr/bin/cc   -fPIC    -o CMakeFiles/cmTC_6e745.dir/CheckSymbolExists.c.o   -c "/home/sparra/Desktop/uchile/2018-2/Lab Inteligencia/ProyectoImagenes/cmake-build-debug/CMakeFiles/CMakeTmp/CheckSymbolExists.c"
Linking C executable cmTC_6e745
/home/sparra/Desktop/clion-2018.1/bin/cmake/bin/cmake -E cmake_link_script CMakeFiles/cmTC_6e745.dir/link.txt --verbose=1
/usr/bin/cc -fPIC     CMakeFiles/cmTC_6e745.dir/CheckSymbolExists.c.o  -o cmTC_6e745 
CMakeFiles/cmTC_6e745.dir/CheckSymbolExists.c.o: In function `main':
CheckSymbolExists.c:(.text+0x1b): undefined reference to `pthread_create'
collect2: error: ld returned 1 exit status
CMakeFiles/cmTC_6e745.dir/build.make:97: recipe for target 'cmTC_6e745' failed
make[1]: *** [cmTC_6e745] Error 1
make[1]: Leaving directory '/home/sparra/Desktop/uchile/2018-2/Lab Inteligencia/ProyectoImagenes/cmake-build-debug/CMakeFiles/CMakeTmp'
Makefile:126: recipe for target 'cmTC_6e745/fast' failed
make: *** [cmTC_6e745/fast] Error 2

File /home/sparra/Desktop/uchile/2018-2/Lab Inteligencia/ProyectoImagenes/cmake-build-debug/CMakeFiles/CMakeTmp/CheckSymbolExists.c:
/* */
#include <pthread.h>

int main(int argc, char** argv)
{
  (void)argv;
#ifndef pthread_create
  return ((int*)(&pthread_create))[argc];
#else
  (void)argc;
  return 0;
#endif
}

Determining if the function pthread_create exists in the pthreads failed with the following output:
Change Dir: /home/sparra/Desktop/uchile/2018-2/Lab Inteligencia/ProyectoImagenes/cmake-build-debug/CMakeFiles/CMakeTmp

Run Build Command:"/usr/bin/make" "cmTC_4fd19/fast"
/usr/bin/make -f CMakeFiles/cmTC_4fd19.dir/build.make CMakeFiles/cmTC_4fd19.dir/build
make[1]: Entering directory '/home/sparra/Desktop/uchile/2018-2/Lab Inteligencia/ProyectoImagenes/cmake-build-debug/CMakeFiles/CMakeTmp'
Building C object CMakeFiles/cmTC_4fd19.dir/CheckFunctionExists.c.o
/usr/bin/cc   -fPIC -DCHECK_FUNCTION_EXISTS=pthread_create   -o CMakeFiles/cmTC_4fd19.dir/CheckFunctionExists.c.o   -c /home/sparra/Desktop/clion-2018.1/bin/cmake/share/cmake-3.10/Modules/CheckFunctionExists.c
Linking C executable cmTC_4fd19
/home/sparra/Desktop/clion-2018.1/bin/cmake/bin/cmake -E cmake_link_script CMakeFiles/cmTC_4fd19.dir/link.txt --verbose=1
/usr/bin/cc -fPIC -DCHECK_FUNCTION_EXISTS=pthread_create    CMakeFiles/cmTC_4fd19.dir/CheckFunctionExists.c.o  -o cmTC_4fd19 -lpthreads 
/usr/bin/ld: cannot find -lpthreads
collect2: error: ld returned 1 exit status
CMakeFiles/cmTC_4fd19.dir/build.make:97: recipe for target 'cmTC_4fd19' failed
make[1]: *** [cmTC_4fd19] Error 1
make[1]: Leaving directory '/home/sparra/Desktop/uchile/2018-2/Lab Inteligencia/ProyectoImagenes/cmake-build-debug/CMakeFiles/CMakeTmp'
Makefile:126: recipe for target 'cmTC_4fd19/fast' failed
make: *** [cmTC_4fd19/fast] Error 2


